<?xml version="1.0" encoding="UTF-8"?>
<!-- Generated by org.testng.reporters.JUnitXMLReporter -->
<testsuite ignored="0" hostname="SC-CAF-CND84305MY" failures="0" tests="3" name="Test" time="31.854" errors="0" timestamp="2024-07-08T10:01:05 IST">
  <testcase classname="com.automation.testcases.LoginTest" name="loginApp" time="0.048"/>
  <testcase classname="com.automation.testcases.LoginTest" name="loginApp1" time="14.647"/>
  <testcase classname="com.automation.testcases.LoginTest" name="loginApp2" time="0.002"/>
</testsuite> <!-- Test -->
