<?xml version="1.0" encoding="UTF-8"?>
<!-- Generated by org.testng.reporters.JUnitXMLReporter -->
<testsuite ignored="0" hostname="SC-CAF-CND84305MY" failures="0" tests="3" name="Test" time="61.296" errors="0" timestamp="2024-07-10T10:47:42 IST">
  <testcase classname="com.automation.testcases.LoginTest" name="loginApp" time="0.04"/>
  <testcase classname="com.automation.testcases.LoginTest" name="loginApp1" time="43.428"/>
  <testcase classname="com.automation.testcases.LoginTest" name="loginApp2" time="0.0"/>
</testsuite> <!-- Test -->
