<?xml version="1.0" encoding="UTF-8"?>
<testng-results ignored="0" total="3" passed="3" failed="0" skipped="0">
  <reporter-output>
    <line>
      <![CDATA[Setting Up reports and Test is getting ready ]]>
    </line>
    <line>
      <![CDATA[Setting Up reports and Test  can be Started]]>
    </line>
    <line>
      <![CDATA[Application ready]]>
    </line>
    <line>
      <![CDATA[Application to Execute ready]]>
    </line>
    <line>
      <![CDATA[Test is about to End]]>
    </line>
    <line>
      <![CDATA[Test Completed]]>
    </line>
    <line>
      <![CDATA[Test is about to End]]>
    </line>
    <line>
      <![CDATA[Test Completed]]>
    </line>
    <line>
      <![CDATA[Test is about to End]]>
    </line>
    <line>
      <![CDATA[Test Completed]]>
    </line>
    <line>
      <![CDATA[Browser ready]]>
    </line>
    <line>
      <![CDATA[Browser Executed ready]]>
    </line>
  </reporter-output>
  <suite started-at="2024-07-08T10:00:33 IST" name="Suite" finished-at="2024-07-08T10:01:05 IST" duration-ms="31854">
    <groups>
    </groups>
    <test started-at="2024-07-08T10:00:33 IST" name="Test" finished-at="2024-07-08T10:01:05 IST" duration-ms="31854">
      <class name="com.automation.testcases.LoginTest">
        <test-method is-config="true" signature="setUPSuite()[pri:0, instance:com.automation.testcases.LoginTest@4218d6a3]" started-at="2024-07-08T10:00:32 IST" name="setUPSuite" finished-at="2024-07-08T10:00:33 IST" duration-ms="1119" status="PASS">
          <reporter-output>
            <line>
              <![CDATA[Setting Up reports and Test is getting ready ]]>
            </line>
            <line>
              <![CDATA[Setting Up reports and Test  can be Started]]>
            </line>
          </reporter-output>
        </test-method> <!-- setUPSuite -->
        <test-method is-config="true" signature="setup()[pri:0, instance:com.automation.testcases.LoginTest@4218d6a3]" started-at="2024-07-08T10:00:33 IST" name="setup" finished-at="2024-07-08T10:00:43 IST" duration-ms="10406" status="PASS">
          <reporter-output>
            <line>
              <![CDATA[Application ready]]>
            </line>
            <line>
              <![CDATA[Application to Execute ready]]>
            </line>
          </reporter-output>
        </test-method> <!-- setup -->
        <test-method signature="loginApp()[pri:1, instance:com.automation.testcases.LoginTest@4218d6a3]" started-at="2024-07-08T10:00:43 IST" name="loginApp" finished-at="2024-07-08T10:00:44 IST" duration-ms="48" status="PASS">
          <reporter-output>
          </reporter-output>
        </test-method> <!-- loginApp -->
        <test-method is-config="true" signature="tearDownMethod(org.testng.ITestResult)[pri:0, instance:com.automation.testcases.LoginTest@4218d6a3]" started-at="2024-07-08T10:00:44 IST" name="tearDownMethod" finished-at="2024-07-08T10:00:45 IST" duration-ms="1055" status="PASS">
          <params>
            <param index="0">
              <value>
                <![CDATA[[TestResult name=loginApp status=SUCCESS method=LoginTest.loginApp()[pri:1, instance:com.automation.testcases.LoginTest@4218d6a3] output={null}]]]>
              </value>
            </param>
          </params>
          <reporter-output>
            <line>
              <![CDATA[Test is about to End]]>
            </line>
            <line>
              <![CDATA[Test Completed]]>
            </line>
          </reporter-output>
        </test-method> <!-- tearDownMethod -->
        <test-method signature="loginApp1()[pri:2, instance:com.automation.testcases.LoginTest@4218d6a3]" started-at="2024-07-08T10:00:45 IST" name="loginApp1" finished-at="2024-07-08T10:00:59 IST" duration-ms="14647" status="PASS">
          <reporter-output>
          </reporter-output>
        </test-method> <!-- loginApp1 -->
        <test-method is-config="true" signature="tearDownMethod(org.testng.ITestResult)[pri:0, instance:com.automation.testcases.LoginTest@4218d6a3]" started-at="2024-07-08T10:00:59 IST" name="tearDownMethod" finished-at="2024-07-08T10:00:59 IST" duration-ms="227" status="PASS">
          <params>
            <param index="0">
              <value>
                <![CDATA[[TestResult name=loginApp1 status=SUCCESS method=LoginTest.loginApp1()[pri:2, instance:com.automation.testcases.LoginTest@4218d6a3] output={null}]]]>
              </value>
            </param>
          </params>
          <reporter-output>
            <line>
              <![CDATA[Test is about to End]]>
            </line>
            <line>
              <![CDATA[Test Completed]]>
            </line>
          </reporter-output>
        </test-method> <!-- tearDownMethod -->
        <test-method signature="loginApp2()[pri:3, instance:com.automation.testcases.LoginTest@4218d6a3]" started-at="2024-07-08T10:00:59 IST" name="loginApp2" finished-at="2024-07-08T10:00:59 IST" duration-ms="2" status="PASS">
          <reporter-output>
          </reporter-output>
        </test-method> <!-- loginApp2 -->
        <test-method is-config="true" signature="tearDownMethod(org.testng.ITestResult)[pri:0, instance:com.automation.testcases.LoginTest@4218d6a3]" started-at="2024-07-08T10:00:59 IST" name="tearDownMethod" finished-at="2024-07-08T10:01:00 IST" duration-ms="199" status="PASS">
          <params>
            <param index="0">
              <value>
                <![CDATA[[TestResult name=loginApp2 status=SUCCESS method=LoginTest.loginApp2()[pri:3, instance:com.automation.testcases.LoginTest@4218d6a3] output={null}]]]>
              </value>
            </param>
          </params>
          <reporter-output>
            <line>
              <![CDATA[Test is about to End]]>
            </line>
            <line>
              <![CDATA[Test Completed]]>
            </line>
          </reporter-output>
        </test-method> <!-- tearDownMethod -->
        <test-method is-config="true" signature="tearDown()[pri:0, instance:com.automation.testcases.LoginTest@4218d6a3]" started-at="2024-07-08T10:01:00 IST" name="tearDown" finished-at="2024-07-08T10:01:05 IST" duration-ms="5213" status="PASS">
          <reporter-output>
            <line>
              <![CDATA[Browser ready]]>
            </line>
            <line>
              <![CDATA[Browser Executed ready]]>
            </line>
          </reporter-output>
        </test-method> <!-- tearDown -->
      </class> <!-- com.automation.testcases.LoginTest -->
    </test> <!-- Test -->
  </suite> <!-- Suite -->
</testng-results>
